<?xml version="1.0" encoding="UTF-8"?>
<!-- Generated by org.testng.reporters.JUnitXMLReporter -->
<testsuite hostname="VIBHJAIN-G2C5W" ignored="2" name="Test ENT" tests="1" failures="1" timestamp="24 Feb 2018 04:36:51 GMT" time="0.073" errors="0">
  <testcase name="Test1" time="0.021" classname="com.cisco.automation.modules.inv.TestInv">
    <failure type="java.lang.AssertionError" message="The following asserts failed:
	expected [11] but found [10],
	expected [11] but found [10]">
      <![CDATA[java.lang.AssertionError: The following asserts failed:
	expected [11] but found [10],
	expected [11] but found [10]
	at com.cisco.automation.modules.inv.TestInv.Test1(TestInv.java:27)
... Removed 26 stack frames]]>
    </failure>
  </testcase> <!-- Test1 -->
  <testcase name="Test2" time="0.0" classname="com.cisco.automation.modules.inv.TestInv">
    <ignored/>
  </testcase> <!-- Test2 -->
  <testcase name="Test1" time="0.0" classname="com.cisco.automation.modules.fault.TestFault">
    <ignored/>
  </testcase> <!-- Test1 -->
</testsuite> <!-- Test ENT -->
