<!DOCTYPE html PUBLIC "-//W3C//DTD XHTML 1.1//EN" "http://www.w3.org/TR/xhtml11/DTD/xhtml11.dtd">
<html xmlns="http://www.w3.org/1999/xhtml"><head><title>TestNG Report</title><style type="text/css">table {margin-bottom:10px;border-collapse:collapse;empty-cells:show}th,td {border:1px solid #009;padding:.25em .5em}th {vertical-align:bottom}td {vertical-align:top}table a {font-weight:bold}.stripe td {background-color: #E6EBF9}.num {text-align:right}.passedodd td {background-color: #3F3}.passedeven td {background-color: #0A0}.skippedodd td {background-color: #DDD}.skippedeven td {background-color: #CCC}.failedodd td,.attn {background-color: #F33}.failedeven td,.stripe .attn {background-color: #D00}.stacktrace {white-space:pre;font-family:monospace}.totop {font-size:85%;text-align:center;border-bottom:2px solid #000}</style></head><body><table><tr><th>Test</th><th># Passed</th><th># Skipped</th><th># Failed</th><th>Time (ms)</th><th>Included Groups</th><th>Excluded Groups</th></tr><tr><th colspan="7">Regression Suite</th></tr><tr><td><a href="#t0">Test</a></td><td class="num">2</td><td class="num">0</td><td class="num attn">2</td><td class="num">76</td><td></td><td></td></tr></table><table id='summary'><thead><tr><th>Class</th><th>Method</th><th>Start</th><th>Time (ms)</th></tr></thead><tbody><tr><th colspan="4">Regression Suite</th></tr></tbody><tbody id="t0"><tr><th colspan="4">Test &#8212; failed</th></tr><tr class="failedeven"><td rowspan="2">com.cisco.automation.modules.inv.TestInv</td><td><a href="#m0">TestHardAssertion</a></td><td rowspan="1">1519447133119</td><td rowspan="1">4</td></tr><tr class="failedeven"><td><a href="#m1">TestSoftAssertion</a></td><td rowspan="1">1519447133127</td><td rowspan="1">7</td></tr><tr><th colspan="4">Test &#8212; passed</th></tr><tr class="passedeven"><td rowspan="1">com.cisco.automation.modules.fault.TestFault</td><td><a href="#m2">Test1</a></td><td rowspan="1">1519447133099</td><td rowspan="1">14</td></tr><tr class="passedodd"><td rowspan="1">com.cisco.automation.modules.session_mon.TestSessionMon</td><td><a href="#m3">Test1</a></td><td rowspan="1">1519447133138</td><td rowspan="1">1</td></tr></tbody></table><h2>Test</h2><h3 id="m0">com.cisco.automation.modules.inv.TestInv#TestHardAssertion</h3><table class="result"><tr><th>Exception</th></tr><tr><td><div class="stacktrace">java.lang.AssertionError: expected [10] but found [11]
	at com.cisco.automation.modules.inv.TestInv.TestHardAssertion(TestInv.java:35)
... Removed 31 stack frames</div></td></tr></table><p class="totop"><a href="#summary">back to summary</a></p><h3 id="m1">com.cisco.automation.modules.inv.TestInv#TestSoftAssertion</h3><table class="result"><tr><th>Exception</th></tr><tr><td><div class="stacktrace">java.lang.AssertionError: The following asserts failed:
	expected [11] but found [10]
	at com.cisco.automation.modules.inv.TestInv.TestSoftAssertion(TestInv.java:26)
... Removed 26 stack frames</div></td></tr></table><p class="totop"><a href="#summary">back to summary</a></p><h3 id="m2">com.cisco.automation.modules.fault.TestFault#Test1</h3><table class="result"></table><p class="totop"><a href="#summary">back to summary</a></p><h3 id="m3">com.cisco.automation.modules.session_mon.TestSessionMon#Test1</h3><table class="result"></table><p class="totop"><a href="#summary">back to summary</a></p></body></html>